number,value,datetime_start,datetime_complete,duration,params_batch_size,params_epochs_stage1,params_lambda_smooth,params_lr_factor_s1,params_lr_min,params_lr_patience_stage1,params_lr_stage1,params_steps_per_epoch,system_attrs_completed_rung_0,system_attrs_completed_rung_1,system_attrs_completed_rung_2,system_attrs_failed_trial,system_attrs_retry_history,system_attrs_tpe:relative_params:0,state
51,,2025-12-10 11:53:40.533232,,,16,195,0.25109142844463544,0.3667005066441528,3.8858590040826286e-08,8,0.0006417416736636139,50,-0.6890639662742615,,,,,"{""batch_size"": 16, ""epochs_stage1"": 195, ""lambda_smooth"": 0.25109142844463544, ""lr_factor_s1"": 0.3667005066441528, ""lr_min"": 3.8858590040826286e-08, ""lr_patience_stage1"": 8, ""lr_stage1"": 0.0006417416736636139, ""steps_per_epoch"": 50}",RUNNING
52,,2025-12-10 23:49:26.306961,,,8,105,0.21708955355717952,0.5368609214001296,3.381149098414373e-08,10,0.0002621238871590267,60,,,,,,"{""batch_size"": 8, ""epochs_stage1"": 105, ""lambda_smooth"": 0.21708955355717952, ""lr_factor_s1"": 0.5368609214001296, ""lr_min"": 3.381149098414373e-08, ""lr_patience_stage1"": 10, ""lr_stage1"": 0.0002621238871590267, ""steps_per_epoch"": 60}",RUNNING
53,,2025-12-11 12:52:53.178243,,,8,85,0.12042858016671551,0.4460413199476224,6.811563081206529e-08,6,0.0007958706506137693,70,-0.6876516342163086,-0.7298453450202942,,,,"{""batch_size"": 8, ""epochs_stage1"": 85, ""lambda_smooth"": 0.12042858016671551, ""lr_factor_s1"": 0.4460413199476224, ""lr_min"": 6.811563081206529e-08, ""lr_patience_stage1"": 6, ""lr_stage1"": 0.0007958706506137693, ""steps_per_epoch"": 70}",RUNNING
