number,value,datetime_start,datetime_complete,duration,params_batch_size,params_epochs_stage1,params_lambda_smooth,params_lr_factor_s1,params_lr_min,params_lr_patience_stage1,params_lr_stage1,params_steps_per_epoch,system_attrs_completed_rung_0,system_attrs_completed_rung_1,system_attrs_completed_rung_2,system_attrs_failed_trial,system_attrs_retry_history,system_attrs_tpe:relative_params:0,state
0,-0.6467967629432678,2025-11-20 18:54:27.944904,2025-11-21 22:15:31.933886,1 days 03:21:03.988982,8,140,0.05600862834910565,0.5874639394902849,1.8405250910779405e-08,10,2.5142137050010123e-06,20,-0.5716472864151001,-0.5716472864151001,-0.6081457734107971,,,,COMPLETE
1,-0.6215972304344177,2025-11-20 18:54:28.300543,2025-11-22 18:36:12.828685,1 days 23:41:44.528142,8,125,0.15790508274963644,0.4876960219360668,9.97751476353156e-08,5,2.3333619639310245e-06,50,-0.5730630159378052,,,,,,COMPLETE
2,-0.565204918384552,2025-11-20 18:54:28.867148,2025-11-21 12:35:29.568646,0 days 17:41:00.701498,16,190,0.13271154699254073,0.33037763181219904,3.419971632682806e-08,10,9.379143799774988e-06,80,-0.565204918384552,,,,,,PRUNED
3,-0.6162711381912231,2025-11-20 18:54:31.375139,2025-11-21 12:21:45.490641,0 days 17:27:14.115502,8,90,0.2577607803610118,0.5166963180279356,4.990553720404808e-08,8,1.0473577631936695e-06,20,,,,,,,COMPLETE
4,-0.5690740346908569,2025-11-21 12:21:45.509326,2025-11-22 13:35:03.391444,1 days 01:13:17.882118,4,185,0.18743349738781956,0.37045138635937397,4.9708089200751384e-08,9,5.871489824185857e-06,80,-0.6243417859077454,-0.6271463632583618,-0.5690740346908569,,,,PRUNED
5,-0.5479133129119873,2025-11-21 12:35:29.578213,2025-11-21 15:36:43.297720,0 days 03:01:13.719507,8,40,0.09879007303711461,0.7663790089607729,2.6407726052260145e-08,9,3.5642430318191283e-06,30,-0.5479133129119873,,,,,,PRUNED
6,-0.7653027772903442,2025-11-21 15:36:55.442421,2025-11-22 23:54:08.403910,1 days 08:17:12.961489,4,175,0.2214419825955593,0.6406387591000271,1.2433598710786773e-08,3,0.0001583976935152101,50,-0.6807681918144226,-0.5973482131958008,,,,,COMPLETE
7,-0.605411171913147,2025-11-21 22:15:31.958949,2025-11-22 05:57:14.244342,0 days 07:41:42.285393,8,150,0.1919765898826405,0.6712153282869848,3.14047540007836e-08,6,5.477219142446983e-05,30,-0.6285987496376038,-0.605411171913147,,,,,PRUNED
8,-0.7778756022453308,2025-11-22 05:57:32.097726,2025-11-23 01:50:04.779775,0 days 19:52:32.682049,4,130,0.248534945996997,0.4842248628773136,2.0224966801971363e-08,9,0.0006310059128473509,40,-0.7778756022453308,-0.6462159752845764,-0.6506394147872925,,,,COMPLETE
9,-0.7725346088409424,2025-11-22 13:35:03.405000,2025-11-24 05:11:19.566903,1 days 15:36:16.161903,8,80,0.2352938082808797,0.5471835444345076,6.417881523431519e-08,9,0.0004633466168555771,70,-0.6582103967666626,-0.6808476448059082,,,,,COMPLETE
10,-0.5615881681442261,2025-11-22 18:36:12.857026,2025-11-23 12:13:06.704442,0 days 17:36:53.847416,8,105,0.11428787939606593,0.32907438185137217,1.49546534306051e-08,5,1.0879340037751658e-06,80,-0.5615881681442261,,,,,,PRUNED
11,-0.550456166267395,2025-11-22 23:54:08.423720,2025-11-23 12:31:01.640231,0 days 12:36:53.216511,16,130,0.12372221462985415,0.6582770555304063,1.405373750158875e-08,8,1.4579389756355528e-06,80,-0.550456166267395,,,,,,PRUNED
12,-0.718987762928009,2025-11-23 01:50:04.801148,2025-11-24 12:58:29.348144,1 days 11:08:24.546996,4,185,0.2895894918197403,0.31548245017187143,5.8858735192471696e-08,3,3.3420144544026415e-05,50,-0.6685293912887573,,,,,,COMPLETE
13,,2025-11-23 12:13:17.440601,2025-12-03 16:26:48.694912,10 days 04:13:31.254311,16,185,0.18678555881071318,0.46186167789630583,1.5161639493901786e-08,8,0.000620455415843385,40,-0.6666504740715027,-0.6605568528175354,-0.6863611936569214,,,"{""batch_size"": 16, ""epochs_stage1"": 185, ""lambda_smooth"": 0.18678555881071318, ""lr_factor_s1"": 0.46186167789630583, ""lr_min"": 1.5161639493901786e-08, ""lr_patience_stage1"": 8, ""lr_stage1"": 0.000620455415843385, ""steps_per_epoch"": 40}",FAIL
14,-0.6303328275680542,2025-11-23 12:31:16.334789,2025-11-23 15:31:03.883416,0 days 02:59:47.548627,4,95,0.24190747335706955,0.44963177545028,2.737809930819271e-08,10,0.0006083842566845115,20,-0.6303328275680542,,,,,"{""batch_size"": 4, ""epochs_stage1"": 95, ""lambda_smooth"": 0.24190747335706955, ""lr_factor_s1"": 0.44963177545028, ""lr_min"": 2.737809930819271e-08, ""lr_patience_stage1"": 10, ""lr_stage1"": 0.0006083842566845115, ""steps_per_epoch"": 20}",PRUNED
15,-0.7390458583831787,2025-11-23 15:31:06.469963,2025-11-24 09:30:20.668423,0 days 17:59:14.198460,4,140,0.21528560432392918,0.798788594487629,1.0059724917353955e-08,2,0.0002795400749346884,30,-0.6754622459411621,,,,,"{""batch_size"": 4, ""epochs_stage1"": 140, ""lambda_smooth"": 0.21528560432392918, ""lr_factor_s1"": 0.798788594487629, ""lr_min"": 1.0059724917353955e-08, ""lr_patience_stage1"": 2, ""lr_stage1"": 0.0002795400749346884, ""steps_per_epoch"": 30}",COMPLETE
16,-0.737646222114563,2025-11-24 05:11:19.629668,2025-11-25 16:59:38.064579,1 days 11:48:18.434911,8,70,0.2588855524749683,0.7430572410437423,7.532151851083812e-08,9,0.0007581529913138168,70,-0.6764344573020935,-0.7063666582107544,,,,"{""batch_size"": 8, ""epochs_stage1"": 70, ""lambda_smooth"": 0.2588855524749683, ""lr_factor_s1"": 0.7430572410437423, ""lr_min"": 7.532151851083812e-08, ""lr_patience_stage1"": 9, ""lr_stage1"": 0.0007581529913138168, ""steps_per_epoch"": 70}",COMPLETE
17,-0.6535744667053223,2025-11-24 09:30:20.688400,2025-11-24 16:05:25.261220,0 days 06:35:04.572820,8,115,0.16615466845631602,0.5116552999302746,7.762220645242044e-08,10,6.920628617330181e-05,80,-0.6535744667053223,,,,,"{""batch_size"": 8, ""epochs_stage1"": 115, ""lambda_smooth"": 0.16615466845631602, ""lr_factor_s1"": 0.5116552999302746, ""lr_min"": 7.762220645242044e-08, ""lr_patience_stage1"": 10, ""lr_stage1"": 6.920628617330181e-05, ""steps_per_epoch"": 80}",PRUNED
18,-0.5813654661178589,2025-11-24 12:58:29.367938,2025-11-24 15:54:40.929068,0 days 02:56:11.561130,4,100,0.20161469858229986,0.45029182125374523,1.9038004350015808e-08,9,0.00013295911535159775,70,-0.5813654661178589,,,,,"{""batch_size"": 4, ""epochs_stage1"": 100, ""lambda_smooth"": 0.20161469858229986, ""lr_factor_s1"": 0.45029182125374523, ""lr_min"": 1.9038004350015808e-08, ""lr_patience_stage1"": 9, ""lr_stage1"": 0.00013295911535159775, ""steps_per_epoch"": 70}",PRUNED
19,-0.711025595664978,2025-11-24 15:54:52.369600,2025-11-26 10:28:45.338513,1 days 18:33:52.968913,8,130,0.2818511940057802,0.5383071094171931,1.623220871274323e-08,10,0.00011981965125794831,40,-0.67774498462677,-0.6952966451644897,-0.6834391355514526,,,"{""batch_size"": 8, ""epochs_stage1"": 130, ""lambda_smooth"": 0.2818511940057802, ""lr_factor_s1"": 0.5383071094171931, ""lr_min"": 1.623220871274323e-08, ""lr_patience_stage1"": 10, ""lr_stage1"": 0.00011981965125794831, ""steps_per_epoch"": 40}",COMPLETE
20,-0.5999065041542053,2025-11-24 16:05:26.270385,2025-11-24 21:14:47.342219,0 days 05:09:21.071834,8,105,0.2984238095147714,0.4922278511001592,5.0032487756774275e-08,9,4.005287815980068e-05,60,-0.5999065041542053,,,,,"{""batch_size"": 8, ""epochs_stage1"": 105, ""lambda_smooth"": 0.2984238095147714, ""lr_factor_s1"": 0.4922278511001592, ""lr_min"": 5.0032487756774275e-08, ""lr_patience_stage1"": 9, ""lr_stage1"": 4.005287815980068e-05, ""steps_per_epoch"": 60}",PRUNED
21,-0.7574644684791565,2025-11-24 21:14:55.245001,2025-11-26 08:24:28.428750,1 days 11:09:33.183749,4,180,0.24672752149731764,0.31204039443708464,3.360641448443094e-08,10,0.000594793710392758,50,-0.6906822323799133,,,,,"{""batch_size"": 4, ""epochs_stage1"": 180, ""lambda_smooth"": 0.24672752149731764, ""lr_factor_s1"": 0.31204039443708464, ""lr_min"": 3.360641448443094e-08, ""lr_patience_stage1"": 10, ""lr_stage1"": 0.000594793710392758, ""steps_per_epoch"": 50}",COMPLETE
22,-0.6442265510559082,2025-11-25 16:59:38.081214,2025-11-26 01:45:26.381697,0 days 08:45:48.300483,16,55,0.24337350904361407,0.6483120193713452,3.043952982456467e-08,10,0.00010464664572901002,50,-0.6442265510559082,,,,,"{""batch_size"": 16, ""epochs_stage1"": 55, ""lambda_smooth"": 0.24337350904361407, ""lr_factor_s1"": 0.6483120193713452, ""lr_min"": 3.043952982456467e-08, ""lr_patience_stage1"": 10, ""lr_stage1"": 0.00010464664572901002, ""steps_per_epoch"": 50}",PRUNED
23,-0.6158944368362427,2025-11-26 01:46:04.556410,2025-11-26 04:16:43.502946,0 days 02:30:38.946536,4,30,0.262736031531677,0.4882586430210506,5.568054915266611e-08,6,0.00027567442853375,60,-0.6158944368362427,,,,,"{""batch_size"": 4, ""epochs_stage1"": 30, ""lambda_smooth"": 0.262736031531677, ""lr_factor_s1"": 0.4882586430210506, ""lr_min"": 5.568054915266611e-08, ""lr_patience_stage1"": 6, ""lr_stage1"": 0.00027567442853375, ""steps_per_epoch"": 60}",PRUNED
24,-0.5737371444702148,2025-11-26 04:16:48.702061,2025-11-26 06:26:18.129998,0 days 02:09:29.427937,4,190,0.2765849091171953,0.6145220937031972,1.6213284458527838e-08,3,8.903044291478862e-05,50,-0.5737371444702148,,,,,"{""batch_size"": 4, ""epochs_stage1"": 190, ""lambda_smooth"": 0.2765849091171953, ""lr_factor_s1"": 0.6145220937031972, ""lr_min"": 1.6213284458527838e-08, ""lr_patience_stage1"": 3, ""lr_stage1"": 8.903044291478862e-05, ""steps_per_epoch"": 50}",PRUNED
25,,2025-11-26 06:26:25.907883,2025-12-03 16:26:48.702384,7 days 10:00:22.794501,8,75,0.1989776870912006,0.5136644156688891,8.283342118981939e-08,7,0.0007677577248070413,50,-0.7094640135765076,,,,,"{""batch_size"": 8, ""epochs_stage1"": 75, ""lambda_smooth"": 0.1989776870912006, ""lr_factor_s1"": 0.5136644156688891, ""lr_min"": 8.283342118981939e-08, ""lr_patience_stage1"": 7, ""lr_stage1"": 0.0007677577248070413, ""steps_per_epoch"": 50}",FAIL
26,-0.6806697845458984,2025-11-26 08:24:28.454297,2025-11-26 15:39:08.360827,0 days 07:14:39.906530,4,195,0.19466844813542544,0.6109674470488918,1.1136348829066098e-08,4,0.0009513525107442483,60,-0.6869833469390869,-0.6806697845458984,,,,"{""batch_size"": 4, ""epochs_stage1"": 195, ""lambda_smooth"": 0.19466844813542544, ""lr_factor_s1"": 0.6109674470488918, ""lr_min"": 1.1136348829066098e-08, ""lr_patience_stage1"": 4, ""lr_stage1"": 0.0009513525107442483, ""steps_per_epoch"": 60}",PRUNED
27,-0.6337587237358093,2025-11-26 10:28:45.363593,2025-11-26 17:09:50.657145,0 days 06:41:05.293552,8,30,0.23749627195902068,0.45315215687820465,4.256828930495317e-08,8,0.0007999627397630307,80,-0.6337587237358093,,,,,"{""batch_size"": 8, ""epochs_stage1"": 30, ""lambda_smooth"": 0.23749627195902068, ""lr_factor_s1"": 0.45315215687820465, ""lr_min"": 4.256828930495317e-08, ""lr_patience_stage1"": 8, ""lr_stage1"": 0.0007999627397630307, ""steps_per_epoch"": 80}",PRUNED
28,,2025-11-26 15:39:16.550640,2025-12-03 16:26:48.706487,7 days 00:47:32.155847,16,125,0.23714762770845274,0.647440372236195,1.15469100303827e-08,4,0.00011609890391773944,50,,,,,,"{""batch_size"": 16, ""epochs_stage1"": 125, ""lambda_smooth"": 0.23714762770845274, ""lr_factor_s1"": 0.647440372236195, ""lr_min"": 1.15469100303827e-08, ""lr_patience_stage1"": 4, ""lr_stage1"": 0.00011609890391773944, ""steps_per_epoch"": 50}",FAIL
29,,2025-11-26 17:10:13.580264,2025-12-03 16:26:48.710604,6 days 23:16:35.130340,4,165,0.29256413954161564,0.5829149188254197,3.345733825612494e-08,9,0.00016117337744583823,60,,,,,,"{""batch_size"": 4, ""epochs_stage1"": 165, ""lambda_smooth"": 0.29256413954161564, ""lr_factor_s1"": 0.5829149188254197, ""lr_min"": 3.345733825612494e-08, ""lr_patience_stage1"": 9, ""lr_stage1"": 0.00016117337744583823, ""steps_per_epoch"": 60}",FAIL
30,,2025-12-03 16:26:48.823459,2025-12-05 13:22:31.345371,1 days 20:55:42.521912,16,185,0.18678555881071318,0.46186167789630583,1.5161639493901786e-08,8,0.000620455415843385,40,-0.6666504740715027,-0.6605568528175354,-0.6863611936569214,13.0,[13],"{""batch_size"": 16, ""epochs_stage1"": 185, ""lambda_smooth"": 0.18678555881071318, ""lr_factor_s1"": 0.46186167789630583, ""lr_min"": 1.5161639493901786e-08, ""lr_patience_stage1"": 8, ""lr_stage1"": 0.000620455415843385, ""steps_per_epoch"": 40}",FAIL
31,-0.7807095646858215,2025-12-05 13:22:31.401891,2025-12-06 18:19:03.359811,1 days 04:56:31.957920,8,75,0.1989776870912006,0.5136644156688891,8.283342118981939e-08,7,0.0007677577248070413,50,-0.7094640135765076,-0.6949368119239807,,25.0,[25],"{""batch_size"": 8, ""epochs_stage1"": 75, ""lambda_smooth"": 0.1989776870912006, ""lr_factor_s1"": 0.5136644156688891, ""lr_min"": 8.283342118981939e-08, ""lr_patience_stage1"": 7, ""lr_stage1"": 0.0007677577248070413, ""steps_per_epoch"": 50}",COMPLETE
32,-0.6749323606491089,2025-12-05 13:45:21.102464,2025-12-06 16:00:45.045519,1 days 02:15:23.943055,16,125,0.23714762770845274,0.647440372236195,1.15469100303827e-08,4,0.00011609890391773944,50,-0.6749323606491089,,,28.0,[28],"{""batch_size"": 16, ""epochs_stage1"": 125, ""lambda_smooth"": 0.23714762770845274, ""lr_factor_s1"": 0.647440372236195, ""lr_min"": 1.15469100303827e-08, ""lr_patience_stage1"": 4, ""lr_stage1"": 0.00011609890391773944, ""steps_per_epoch"": 50}",PRUNED
33,-0.680728554725647,2025-12-06 09:49:28.648237,2025-12-07 05:32:01.257026,0 days 19:42:32.608789,4,165,0.29256413954161564,0.5829149188254197,3.345733825612494e-08,9,0.00016117337744583823,60,-0.680728554725647,,,29.0,[29],"{""batch_size"": 4, ""epochs_stage1"": 165, ""lambda_smooth"": 0.29256413954161564, ""lr_factor_s1"": 0.5829149188254197, ""lr_min"": 3.345733825612494e-08, ""lr_patience_stage1"": 9, ""lr_stage1"": 0.00016117337744583823, ""steps_per_epoch"": 60}",PRUNED
34,-0.7515466213226318,2025-12-06 09:52:01.258715,2025-12-11 12:52:53.043461,5 days 03:00:51.784746,16,185,0.18678555881071318,0.46186167789630583,1.5161639493901786e-08,8,0.000620455415843385,40,-0.6666504740715027,-0.6605568528175354,-0.6863611936569214,13.0,"[13, 30]","{""batch_size"": 16, ""epochs_stage1"": 185, ""lambda_smooth"": 0.18678555881071318, ""lr_factor_s1"": 0.46186167789630583, ""lr_min"": 1.5161639493901786e-08, ""lr_patience_stage1"": 8, ""lr_stage1"": 0.000620455415843385, ""steps_per_epoch"": 40}",COMPLETE
35,-0.6270930171012878,2025-12-06 16:00:45.260005,2025-12-08 04:13:10.215465,1 days 12:12:24.955460,8,180,0.20923221523505425,0.688643314527552,1.2391293163478294e-08,3,5.569697313045957e-05,50,-0.6270930171012878,,,,,"{""batch_size"": 8, ""epochs_stage1"": 180, ""lambda_smooth"": 0.20923221523505425, ""lr_factor_s1"": 0.688643314527552, ""lr_min"": 1.2391293163478294e-08, ""lr_patience_stage1"": 3, ""lr_stage1"": 5.569697313045957e-05, ""steps_per_epoch"": 50}",PRUNED
36,-0.747083842754364,2025-12-06 18:19:03.383700,2025-12-07 17:42:51.052703,0 days 23:23:47.669003,8,95,0.1798567901804464,0.6249085223054365,7.021702461182293e-08,6,0.0005060290466158892,30,-0.7218290567398071,-0.7197757363319397,,,,"{""batch_size"": 8, ""epochs_stage1"": 95, ""lambda_smooth"": 0.1798567901804464, ""lr_factor_s1"": 0.6249085223054365, ""lr_min"": 7.021702461182293e-08, ""lr_patience_stage1"": 6, ""lr_stage1"": 0.0005060290466158892, ""steps_per_epoch"": 30}",COMPLETE
37,-0.6568742990493774,2025-12-07 05:32:01.282956,2025-12-07 07:37:31.295879,0 days 02:05:30.012923,4,110,0.26329605555486235,0.41939073899731727,1.6863918118371572e-08,7,0.0007971285142918832,50,-0.6568742990493774,,,,,"{""batch_size"": 4, ""epochs_stage1"": 110, ""lambda_smooth"": 0.26329605555486235, ""lr_factor_s1"": 0.41939073899731727, ""lr_min"": 1.6863918118371572e-08, ""lr_patience_stage1"": 7, ""lr_stage1"": 0.0007971285142918832, ""steps_per_epoch"": 50}",PRUNED
38,-0.7053002715110779,2025-12-07 07:37:41.344429,2025-12-07 13:23:18.843502,0 days 05:45:37.499073,4,100,0.17055946060816607,0.4848973982366108,5.4266966515121235e-08,6,0.0007313201486874621,50,-0.7053002715110779,,,,,"{""batch_size"": 4, ""epochs_stage1"": 100, ""lambda_smooth"": 0.17055946060816607, ""lr_factor_s1"": 0.4848973982366108, ""lr_min"": 5.4266966515121235e-08, ""lr_patience_stage1"": 6, ""lr_stage1"": 0.0007313201486874621, ""steps_per_epoch"": 50}",PRUNED
39,-0.7481633424758911,2025-12-07 13:23:20.996033,2025-12-08 14:46:16.207366,1 days 01:22:55.211333,8,80,0.19219370848098488,0.42584145574449755,8.011815455863189e-08,9,0.0005804359936198503,40,-0.7309305667877197,,,,,"{""batch_size"": 8, ""epochs_stage1"": 80, ""lambda_smooth"": 0.19219370848098488, ""lr_factor_s1"": 0.42584145574449755, ""lr_min"": 8.011815455863189e-08, ""lr_patience_stage1"": 9, ""lr_stage1"": 0.0005804359936198503, ""steps_per_epoch"": 40}",COMPLETE
40,-0.6674455404281616,2025-12-07 17:42:51.075210,2025-12-08 07:06:35.819613,0 days 13:23:44.744403,8,165,0.27453990259049077,0.5686843792703629,7.86256954793741e-08,9,0.0009597478242290658,60,-0.6674455404281616,,,,,"{""batch_size"": 8, ""epochs_stage1"": 165, ""lambda_smooth"": 0.27453990259049077, ""lr_factor_s1"": 0.5686843792703629, ""lr_min"": 7.86256954793741e-08, ""lr_patience_stage1"": 9, ""lr_stage1"": 0.0009597478242290658, ""steps_per_epoch"": 60}",PRUNED
41,-0.6449854969978333,2025-12-08 04:13:10.224456,2025-12-08 19:25:06.101868,0 days 15:11:55.877412,4,155,0.2946201534563307,0.499021631976535,1.4477937651924791e-08,10,0.0008634789740591074,40,-0.6449854969978333,,,,,"{""batch_size"": 4, ""epochs_stage1"": 155, ""lambda_smooth"": 0.2946201534563307, ""lr_factor_s1"": 0.499021631976535, ""lr_min"": 1.4477937651924791e-08, ""lr_patience_stage1"": 10, ""lr_stage1"": 0.0008634789740591074, ""steps_per_epoch"": 40}",PRUNED
42,-0.7012434005737305,2025-12-08 07:06:53.480823,2025-12-09 19:43:27.977220,1 days 12:36:34.496397,16,90,0.2800661945863555,0.5677129692840125,6.144455603388757e-08,10,0.00017353425753520267,80,-0.7012434005737305,,,,,"{""batch_size"": 16, ""epochs_stage1"": 90, ""lambda_smooth"": 0.2800661945863555, ""lr_factor_s1"": 0.5677129692840125, ""lr_min"": 6.144455603388757e-08, ""lr_patience_stage1"": 10, ""lr_stage1"": 0.00017353425753520267, ""steps_per_epoch"": 80}",PRUNED
43,-0.652691125869751,2025-12-08 14:46:16.227740,2025-12-08 23:47:38.038379,0 days 09:01:21.810639,16,195,0.13336209086527884,0.707517943455876,2.435979495108989e-08,2,0.00025644871886952033,50,-0.652691125869751,,,,,"{""batch_size"": 16, ""epochs_stage1"": 195, ""lambda_smooth"": 0.13336209086527884, ""lr_factor_s1"": 0.707517943455876, ""lr_min"": 2.435979495108989e-08, ""lr_patience_stage1"": 2, ""lr_stage1"": 0.00025644871886952033, ""steps_per_epoch"": 50}",PRUNED
44,-0.6565608978271484,2025-12-08 19:25:06.110444,2025-12-09 00:41:16.870802,0 days 05:16:10.760358,8,80,0.25282312409778085,0.5708907438717057,9.278956762056432e-08,6,0.0005321870675086068,60,-0.6565608978271484,,,,,"{""batch_size"": 8, ""epochs_stage1"": 80, ""lambda_smooth"": 0.25282312409778085, ""lr_factor_s1"": 0.5708907438717057, ""lr_min"": 9.278956762056432e-08, ""lr_patience_stage1"": 6, ""lr_stage1"": 0.0005321870675086068, ""steps_per_epoch"": 60}",PRUNED
45,,2025-12-08 23:47:44.052054,,,16,100,0.18208478987634574,0.47150689682133295,7.082054723755658e-08,9,0.0006510793787244158,60,,,,,,"{""batch_size"": 16, ""epochs_stage1"": 100, ""lambda_smooth"": 0.18208478987634574, ""lr_factor_s1"": 0.47150689682133295, ""lr_min"": 7.082054723755658e-08, ""lr_patience_stage1"": 9, ""lr_stage1"": 0.0006510793787244158, ""steps_per_epoch"": 60}",RUNNING
46,-0.7000797986984253,2025-12-09 00:41:33.558241,2025-12-10 06:37:41.072260,1 days 05:56:07.514019,16,35,0.1691717046005351,0.5404978435309938,9.605392384999936e-08,6,0.000738201676047372,60,-0.7000797986984253,,,,,"{""batch_size"": 16, ""epochs_stage1"": 35, ""lambda_smooth"": 0.1691717046005351, ""lr_factor_s1"": 0.5404978435309938, ""lr_min"": 9.605392384999936e-08, ""lr_patience_stage1"": 6, ""lr_stage1"": 0.000738201676047372, ""steps_per_epoch"": 60}",PRUNED
47,-0.6406927108764648,2025-12-09 19:43:53.835061,2025-12-09 21:34:20.620105,0 days 01:50:26.785044,4,155,0.16060491395592877,0.5259902592945329,2.96765785418289e-08,9,0.0002415045408512296,40,-0.6406927108764648,,,,,"{""batch_size"": 4, ""epochs_stage1"": 155, ""lambda_smooth"": 0.16060491395592877, ""lr_factor_s1"": 0.5259902592945329, ""lr_min"": 2.96765785418289e-08, ""lr_patience_stage1"": 9, ""lr_stage1"": 0.0002415045408512296, ""steps_per_epoch"": 40}",PRUNED
48,-0.7205785512924194,2025-12-09 21:34:28.284975,2025-12-10 23:49:26.286791,1 days 02:14:58.001816,8,65,0.1883839084392118,0.6096833080871974,9.070650648173756e-08,8,0.0001225789264235604,50,,,,,,"{""batch_size"": 8, ""epochs_stage1"": 65, ""lambda_smooth"": 0.1883839084392118, ""lr_factor_s1"": 0.6096833080871974, ""lr_min"": 9.070650648173756e-08, ""lr_patience_stage1"": 8, ""lr_stage1"": 0.0001225789264235604, ""steps_per_epoch"": 50}",COMPLETE
49,-0.6456297636032104,2025-12-10 06:38:11.309190,2025-12-10 08:31:15.664300,0 days 01:53:04.355110,4,185,0.21257159601370182,0.3423582192891178,3.234624950078708e-08,9,0.000735644815720527,40,-0.6456297636032104,,,,,"{""batch_size"": 4, ""epochs_stage1"": 185, ""lambda_smooth"": 0.21257159601370182, ""lr_factor_s1"": 0.3423582192891178, ""lr_min"": 3.234624950078708e-08, ""lr_patience_stage1"": 9, ""lr_stage1"": 0.000735644815720527, ""steps_per_epoch"": 40}",PRUNED
50,-0.656497597694397,2025-12-10 08:31:19.420137,2025-12-10 11:53:40.476000,0 days 03:22:21.055863,4,180,0.25451923725026765,0.3487152514204345,2.877000062954237e-08,10,0.00017581696860132016,80,-0.656497597694397,,,,,"{""batch_size"": 4, ""epochs_stage1"": 180, ""lambda_smooth"": 0.25451923725026765, ""lr_factor_s1"": 0.3487152514204345, ""lr_min"": 2.877000062954237e-08, ""lr_patience_stage1"": 10, ""lr_stage1"": 0.00017581696860132016, ""steps_per_epoch"": 80}",PRUNED
